<?xml version="1.0" encoding="UTF-8"?>
<!-- Generated by org.testng.reporters.JUnitReportReporter -->
<testsuite skipped="0" hostname="IMCYBCP291-MSL1" name="TestClass.TestLogin" tests="1" failures="0" timestamp="2023-04-28T19:42:20 IST" time="28.902" errors="0">
  <testcase name="m2" time="28.902" classname="TestClass.TestLogin"/>
  <system-out/>
</testsuite> <!-- TestClass.TestLogin -->
